[:"=", 1674]
1674
[:>>, "b", 1]
837
[:"=", 1]
1
[:<<, "s", 15]
32768
[:|, "v", "w"]
33605
[:>>, "x", 1]
16802
[:"=", 1]
1
[:<<, "an", 15]
32768
[:|, "aq", "ar"]
49570
[:>>, "as", 1]
24785
[:"=", 1]
1
[:<<, "bi", 15]
32768
[:|, "bl", "bm"]
57553
[:>>, "bn", 2]
14388
[:>>, "bn", 1]
28776
[:"=", 1]
1
[:<<, "cd", 15]
32768
[:|, "cg", "ch"]
61544
[:>>, "ci", 1]
30772
[:"=", 1]
1
[:<<, "cy", 15]
32768
[:|, "db", "dc"]
63540
[:>>, "dd", 1]
31770
[:"=", 1]
1
[:<<, "dt", 15]
32768
[:|, "dw", "dx"]
64538
[:>>, "dy", 1]
32269
[:"=", 1]
1
[:<<, "eo", 15]
32768
[:|, "er", "es"]
65037
[:>>, "et", 1]
32518
[:"=", 1]
1
[:<<, "fj", 15]
32768
[:|, "fm", "fn"]
65286
[:>>, "fo", 1]
32643
[:"=", 1]
1
[:<<, "ge", 15]
32768
[:|, "gh", "gi"]
65411
[:>>, "gj", 1]
32705
[:"=", 1]
1
[:<<, "gz", 15]
32768
[:|, "hc", "hd"]
65473
[:>>, "he", 1]
32736
[:"=", 1]
1
[:<<, "hu", 15]
32768
[:|, "hx", "hy"]
65504
[:>>, "hz", 1]
32752
[:"=", 1]
1
[:<<, "ip", 15]
32768
[:|, "is", "it"]
65520
[:>>, "iu", 1]
32760
[:"=", 1]
1
[:<<, "jk", 15]
32768
[:|, "jn", "jo"]
65528
[:>>, "jp", 1]
32764
[:"=", 1]
1
[:<<, "kf", 15]
32768
[:|, "ki", "kj"]
65532
[:>>, "kk", 1]
32766
[:"=", 1]
1
[:<<, "la", 15]
32768
[:|, "ld", "le"]
65534
[:>>, "lf", 1]
32767
[:>>, "fo", 3]
8160
[:>>, "ci", 2]
15386
[:>>, "ci", 3]
7693
[:>>, "ci", 5]
1923
[:|, "ck", "cl"]
8079
[:&, "ck", "cl"]
1537
[:~, "cn"]
63998
[:&, "cm", "co"]
6542
[:|, "cj", "cp"]
15774
[:>>, "fo", 2]
16321
[:>>, "fo", 5]
2040
[:|, "fq", "fr"]
8184
[:&, "fq", "fr"]
2016
[:~, "ft"]
63519
[:&, "fs", "fu"]
6168
[:|, "fp", "fv"]
16345
[:&, "fp", "fv"]
6144
[:~, "fx"]
59391
[:&, "fw", "fy"]
10201
[:|, "fo", "fz"]
65503
[:"=", 0]
0
[:<<, "c", 1]
0
[:|, "t", "s"]
1
[:<<, "u", 1]
2
[:|, "ao", "an"]
3
[:<<, "ap", 1]
6
[:|, "bj", "bi"]
7
[:<<, "bk", 1]
14
[:|, "ce", "cd"]
15
[:<<, "cf", 1]
30
[:|, "cz", "cy"]
31
[:<<, "da", 1]
62
[:|, "du", "dt"]
63
[:<<, "dv", 1]
126
[:|, "ep", "eo"]
127
[:<<, "eq", 1]
254
[:|, "fk", "fj"]
255
[:<<, "fl", 1]
510
[:|, "gf", "ge"]
511
[:<<, "gg", 1]
1022
[:|, "ha", "gz"]
1023
[:<<, "hb", 1]
2046
[:|, "hv", "hu"]
2047
[:<<, "hw", 1]
4094
[:|, "iq", "ip"]
4095
[:<<, "ir", 1]
8190
[:|, "jl", "jk"]
8191
[:<<, "jm", 1]
16382
[:|, "kg", "kf"]
16383
[:<<, "kh", 1]
32766
[:|, "lb", "la"]
32767
[:<<, "lc", 1]
65534
[:"=", 1]
1
[:|, "lw", "lv"]
65535
[:==, "lx"]
65535
[:>>, "as", 3]
6196
[:>>, "as", 5]
1549
[:&, "au", "av"]
4
[:~, "ax"]
65531
[:>>, "he", 2]
16368
[:>>, "lf", 2]
16383
[:>>, "lf", 3]
8191
[:>>, "lf", 5]
2047
[:|, "lh", "li"]
8191
[:&, "lh", "li"]
2047
[:~, "lk"]
63488
[:&, "lj", "ll"]
6144
[:|, "lg", "lm"]
16383
[:&, "lg", "lm"]
6144
[:~, "lo"]
59391
[:&, "ln", "lp"]
10239
[:|, "lf", "lq"]
65535
[:&, "lf", "lq"]
10238
[:~, "ls"]
55297
[:&, "lr", "lt"]
55297
[:>>, "dy", 2]
16134
[:>>, "dy", 3]
8067
[:>>, "dy", 5]
2016
[:|, "ea", "eb"]
8163
[:&, "ea", "eb"]
1920
[:~, "ed"]
63615
[:&, "ec", "ee"]
6243
[:|, "dz", "ef"]
16231
[:&, "dz", "ef"]
6146
[:~, "eh"]
59389
[:&, "eg", "ei"]
10085
[:|, "dy", "ej"]
65407
[:>>, "hz", 2]
16376
[:>>, "hz", 3]
8188
[:>>, "hz", 5]
2047
[:|, "ib", "ic"]
8191
[:&, "ib", "ic"]
2044
[:~, "ie"]
63491
[:&, "id", "if"]
6147
[:|, "ia", "ig"]
16379
[:&, "ia", "ig"]
6144
[:~, "ii"]
59391
[:&, "ih", "ij"]
10235
[:>>, "kk", 3]
8191
[:>>, "kk", 5]
2047
[:|, "km", "kn"]
8191
[:>>, "bn", 3]
7194
[:>>, "bn", 5]
1798
[:|, "bp", "bq"]
7966
[:&, "bp", "bq"]
1026
[:~, "bs"]
64509
[:&, "br", "bt"]
6940
[:&, "bo", "bu"]
6164
[:~, "bw"]
59371
[:&, "cj", "cp"]
6154
[:~, "cr"]
59381
[:&, "cq", "cs"]
9620
[:|, "ci", "ct"]
62972
[:>>, "b", 2]
418
[:>>, "b", 3]
209
[:>>, "b", 5]
52
[:|, "e", "f"]
245
[:&, "e", "f"]
16
[:~, "h"]
65519
[:&, "g", "i"]
229
[:|, "d", "j"]
487
[:&, "d", "j"]
160
[:~, "l"]
65375
[:&, "k", "m"]
327
[:&, "b", "n"]
2
[:~, "p"]
65533
[:|, "b", "n"]
1999
[:&, "o", "q"]
1997
[:>>, "dd", 3]
7942
[:>>, "dd", 5]
1985
[:|, "df", "dg"]
8135
[:&, "df", "dg"]
1792
[:~, "di"]
63743
[:&, "dh", "dj"]
6343
[:>>, "gj", 3]
8176
[:>>, "gj", 5]
2044
[:|, "gl", "gm"]
8188
[:&, "gl", "gm"]
2032
[:~, "go"]
63503
[:&, "gn", "gp"]
6156
[:>>, "et", 2]
16259
[:>>, "et", 3]
8129
[:>>, "et", 5]
2032
[:|, "ev", "ew"]
8177
[:&, "ev", "ew"]
1984
[:~, "ey"]
63551
[:&, "ex", "ez"]
6193
[:|, "eu", "fa"]
16307
[:&, "eu", "fa"]
6145
[:~, "fc"]
59390
[:&, "fb", "fd"]
10162
[:&, "et", "fe"]
9728
[:>>, "kk", 2]
16383
[:&, "km", "kn"]
2047
[:~, "kp"]
63488
[:&, "ko", "kq"]
6144
[:|, "kl", "kr"]
16383
[:&, "kl", "kr"]
6144
[:~, "kt"]
59391
[:&, "ks", "ku"]
10239
[:|, "kk", "kv"]
65535
[:&, "kk", "kv"]
10236
[:~, "kx"]
55299
[:&, "kw", "ky"]
55299
[:>>, "iu", 2]
16380
[:>>, "iu", 3]
8190
[:>>, "iu", 5]
2047
[:|, "iw", "ix"]
8191
[:&, "iw", "ix"]
2046
[:~, "iz"]
63489
[:&, "iy", "ja"]
6145
[:|, "iv", "jb"]
16381
[:&, "iv", "jb"]
6144
[:~, "jd"]
59391
[:&, "jc", "je"]
10237
[:&, "iu", "jf"]
10224
[:|, "hz", "ik"]
65531
[:>>, "as", 2]
12392
[:|, "au", "av"]
7741
[:&, "aw", "ay"]
7737
[:|, "at", "az"]
15993
[:&, "at", "az"]
4136
[:~, "bb"]
61399
[:&, "ba", "bc"]
11857
[:|, "as", "bd"]
61427
[:&, "as", "bd"]
0
[:~, "bf"]
65535
[:&, "be", "bg"]
61427
[:&, "fo", "fz"]
9984
[:~, "gb"]
55551
[:&, "ga", "gc"]
55519
[:>>, "he", 3]
8184
[:>>, "he", 5]
2046
[:|, "hg", "hh"]
8190
[:&, "hg", "hh"]
2040
[:~, "hj"]
63495
[:&, "hi", "hk"]
6150
[:|, "hf", "hl"]
16374
[:&, "hf", "hl"]
6144
[:~, "hn"]
59391
[:&, "hm", "ho"]
10230
[:&, "dy", "ej"]
9216
[:~, "el"]
56319
[:&, "ek", "em"]
56191
[:~, "jh"]
55311
[:>>, "gj", 2]
16352
[:|, "gk", "gq"]
16364
[:&, "gk", "gq"]
6144
[:~, "gs"]
59391
[:&, "gr", "gt"]
10220
[:&, "gj", "gu"]
10112
[:>>, "jp", 2]
16382
[:>>, "jp", 3]
8191
[:>>, "jp", 5]
2047
[:|, "jr", "js"]
8191
[:&, "jr", "js"]
2047
[:~, "ju"]
63488
[:&, "jt", "jv"]
6144
[:|, "jq", "jw"]
16382
[:<<, "lv", 15]
32768
[:>>, "dd", 2]
15885
[:&, "de", "dk"]
6149
[:~, "dm"]
59386
[:&, "jq", "jw"]
6144
[:~, "jy"]
59391
[:&, "jx", "jz"]
10238
[:&, "jp", "ka"]
10232
[:|, "bo", "bu"]
15164
[:&, "bv", "bx"]
9000
[:|, "bn", "by"]
58361
[:&, "bn", "by"]
8192
[:~, "ca"]
57343
[:&, "bz", "cb"]
50169
[:&, "hz", "ik"]
10208
[:|, "et", "fe"]
65471
[:~, "fg"]
55807
[:&, "ff", "fh"]
55743
[:>>, "x", 2]
8401
[:>>, "x", 3]
4200
[:>>, "x", 5]
1050
[:|, "z", "aa"]
5242
[:&, "he", "hp"]
10176
[:|, "ly", "lz"]
65535
[:~, "hr"]
55359
[:|, "de", "dk"]
16079
[:&, "dl", "dn"]
9930
[:|, "gj", "gu"]
65519
[:&, "z", "aa"]
8
[:~, "ac"]
65527
[:&, "ab", "ad"]
5234
[:|, "y", "ae"]
13555
[:&, "y", "ae"]
80
[:~, "ag"]
65455
[:&, "af", "ah"]
13475
[:|, "x", "ai"]
47079
[:&, "x", "ai"]
1
[:~, "ak"]
65534
[:&, "aj", "al"]
47078
[:&, "ci", "ct"]
8192
[:~, "cv"]
57343
[:&, "cu", "cw"]
54780
[:|, "iu", "jf"]
65533
[:&, "jg", "ji"]
55309
[:|, "jp", "ka"]
65534
[:~, "im"]
55327
[:~, "kc"]
55303
[:|, "dd", "do"]
65278
[:~, "gw"]
55423
[:&, "kb", "kd"]
55302
[:&, "il", "in"]
55323
[:&, "dd", "do"]
8192
[:~, "dq"]
57343
[:|, "he", "hp"]
65527
[:&, "gv", "gx"]
55407
[:&, "hq", "hs"]
55351
[:&, "dp", "dr"]
57086
b: 1674
v: 837
s: 1
w: 32768
x: 33605
aq: 16802
an: 1
ar: 32768
as: 49570
bl: 24785
bi: 1
bm: 32768
bn: 57553
bo: 14388
cg: 28776
cd: 1
ch: 32768
ci: 61544
db: 30772
cy: 1
dc: 32768
dd: 63540
dw: 31770
dt: 1
dx: 32768
dy: 64538
er: 32269
eo: 1
es: 32768
et: 65037
fm: 32518
fj: 1
fn: 32768
fo: 65286
gh: 32643
ge: 1
gi: 32768
gj: 65411
hc: 32705
gz: 1
hd: 32768
he: 65473
hx: 32736
hu: 1
hy: 32768
hz: 65504
is: 32752
ip: 1
it: 32768
iu: 65520
jn: 32760
jk: 1
jo: 32768
jp: 65528
ki: 32764
kf: 1
kj: 32768
kk: 65532
ld: 32766
la: 1
le: 32768
lf: 65534
ly: 32767
fq: 8160
cj: 15386
ck: 7693
cl: 1923
cm: 8079
cn: 1537
co: 63998
cp: 6542
cq: 15774
fp: 16321
fr: 2040
fs: 8184
ft: 2016
fu: 63519
fv: 6168
fw: 16345
fx: 6144
fy: 59391
fz: 10201
ga: 65503
c: 0
t: 0
u: 1
ao: 2
ap: 3
bj: 6
bk: 7
ce: 14
cf: 15
cz: 30
da: 31
du: 62
dv: 63
ep: 126
eq: 127
fk: 254
fl: 255
gf: 510
gg: 511
ha: 1022
hb: 1023
hv: 2046
hw: 2047
iq: 4094
ir: 4095
jl: 8190
jm: 8191
kg: 16382
kh: 16383
lb: 32766
lc: 32767
lw: 65534
lv: 1
lx: 65535
65535
